# JRE version: Java(TM) SE Runtime Environment (24.0.1+9) (build 24.0.1+9-30)
# Java VM: Java HotSpot(TM) 64-Bit Server VM (24.0.1+9-30, mixed mode, sharing, tiered, compressed oops, compressed class ptrs, g1 gc, windows-amd64)
GC Precious Log:
 CardTable entry size: 512
 Card Set container configuration: InlinePtr #cards 4 size 8 Array Of Cards #cards 16 size 48 Howl #buckets 8 coarsen threshold 3686 Howl Bitmap #cards 512 size 80 coarsen threshold 460 Card regions per heap region 1 cards per card region 4096
 CPUs: 4 total, 4 available
 Memory: 11930M
 Large Page Support: Disabled
 NUMA Support: Disabled
 Compressed Oops: Enabled (Zero based)
 Heap Region Size: 2M
 Heap Min Capacity: 8M
 Heap Initial Capacity: 188M
 Heap Max Capacity: 2984M
 Pre-touch: Disabled
 Parallel Workers: 4
 Concurrent Workers: 1
 Concurrent Refinement Workers: 4
 Periodic GC: Disabled
Heap:
 garbage-first heap   total reserved 3055616K, committed 204800K, used 161431K [0x0000000745800000, 0x0000000800000000)
  region size 2048K, 55 young (112640K), 3 survivors (6144K)
 Metaspace       used 108895K, committed 109888K, reserved 1179648K
  class space    used 12011K, committed 12480K, reserved 1048576K
GC Heap History (20 events):
Event: 17.648 GC heap before
{Heap before GC invocations=35 (full 0):
 garbage-first heap   total reserved 3055616K, committed 208896K, used 149333K [0x0000000745800000, 0x0000000800000000)
  region size 2048K, 44 young (90112K), 5 survivors (10240K)
 Metaspace       used 93675K, committed 94464K, reserved 1179648K
  class space    used 10592K, committed 10944K, reserved 1048576K
}
Event: 17.659 GC heap after
{Heap after GC invocations=36 (full 0):
 garbage-first heap   total reserved 3055616K, committed 208896K, used 65784K [0x0000000745800000, 0x0000000800000000)
  region size 2048K, 4 young (8192K), 4 survivors (8192K)
 Metaspace       used 93675K, committed 94464K, reserved 1179648K
  class space    used 10592K, committed 10944K, reserved 1048576K
}
Event: 43.627 GC heap before
{Heap before GC invocations=36 (full 0):
 garbage-first heap   total reserved 3055616K, committed 208896K, used 153848K [0x0000000745800000, 0x0000000800000000)
  region size 2048K, 47 young (96256K), 4 survivors (8192K)
 Metaspace       used 105408K, committed 106240K, reserved 1179648K
  class space    used 11873K, committed 12224K, reserved 1048576K
}
Event: 43.647 GC heap after
{Heap after GC invocations=37 (full 0):
 garbage-first heap   total reserved 3055616K, committed 208896K, used 70164K [0x0000000745800000, 0x0000000800000000)
  region size 2048K, 6 young (12288K), 6 survivors (12288K)
 Metaspace       used 105408K, committed 106240K, reserved 1179648K
  class space    used 11873K, committed 12224K, reserved 1048576K
}
Event: 50.334 GC heap before
{Heap before GC invocations=38 (full 0):
 garbage-first heap   total reserved 3055616K, committed 208896K, used 160276K [0x0000000745800000, 0x0000000800000000)
  region size 2048K, 51 young (104448K), 6 survivors (12288K)
 Metaspace       used 107361K, committed 108352K, reserved 1179648K
  class space    used 11970K, committed 12416K, reserved 1048576K
}
Event: 50.361 GC heap after
{Heap after GC invocations=39 (full 0):
 garbage-first heap   total reserved 3055616K, committed 208896K, used 69587K [0x0000000745800000, 0x0000000800000000)
  region size 2048K, 3 young (6144K), 3 survivors (6144K)
 Metaspace       used 107361K, committed 108352K, reserved 1179648K
  class space    used 11970K, committed 12416K, reserved 1048576K
}
Event: 56.787 GC heap before
{Heap before GC invocations=39 (full 0):
 garbage-first heap   total reserved 3055616K, committed 208896K, used 165843K [0x0000000745800000, 0x0000000800000000)
  region size 2048K, 50 young (102400K), 3 survivors (6144K)
 Metaspace       used 108214K, committed 109184K, reserved 1179648K
  class space    used 11977K, committed 12416K, reserved 1048576K
}
Event: 56.794 GC heap after
{Heap after GC invocations=40 (full 0):
 garbage-first heap   total reserved 3055616K, committed 208896K, used 61967K [0x0000000745800000, 0x0000000800000000)
  region size 2048K, 3 young (6144K), 3 survivors (6144K)
 Metaspace       used 108214K, committed 109184K, reserved 1179648K
  class space    used 11977K, committed 12416K, reserved 1048576K
}
Event: 60.140 GC heap before
{Heap before GC invocations=40 (full 0):
 garbage-first heap   total reserved 3055616K, committed 208896K, used 164367K [0x0000000745800000, 0x0000000800000000)
  region size 2048K, 54 young (110592K), 3 survivors (6144K)
 Metaspace       used 108526K, committed 109568K, reserved 1179648K
  class space    used 12001K, committed 12480K, reserved 1048576K
}
Event: 60.151 GC heap after
{Heap after GC invocations=41 (full 0):
 garbage-first heap   total reserved 3055616K, committed 208896K, used 61878K [0x0000000745800000, 0x0000000800000000)
  region size 2048K, 3 young (6144K), 3 survivors (6144K)
 Metaspace       used 108526K, committed 109568K, reserved 1179648K
  class space    used 12001K, committed 12480K, reserved 1048576K
}
Event: 70.884 GC heap before
{Heap before GC invocations=42 (full 0):
 garbage-first heap   total reserved 3055616K, committed 208896K, used 170422K [0x0000000745800000, 0x0000000800000000)
  region size 2048K, 56 young (114688K), 3 survivors (6144K)
 Metaspace       used 108643K, committed 109632K, reserved 1179648K
  class space    used 12004K, committed 12480K, reserved 1048576K
}
Event: 70.893 GC heap after
{Heap after GC invocations=43 (full 0):
 garbage-first heap   total reserved 3055616K, committed 208896K, used 62062K [0x0000000745800000, 0x0000000800000000)
  region size 2048K, 3 young (6144K), 3 survivors (6144K)
 Metaspace       used 108643K, committed 109632K, reserved 1179648K
  class space    used 12004K, committed 12480K, reserved 1048576K
}
Event: 73.854 GC heap before
{Heap before GC invocations=43 (full 0):
 garbage-first heap   total reserved 3055616K, committed 208896K, used 174702K [0x0000000745800000, 0x0000000800000000)
  region size 2048K, 58 young (118784K), 3 survivors (6144K)
 Metaspace       used 108697K, committed 109696K, reserved 1179648K
  class space    used 12006K, committed 12480K, reserved 1048576K
}
Event: 73.871 GC heap after
{Heap after GC invocations=44 (full 0):
 garbage-first heap   total reserved 3055616K, committed 208896K, used 58825K [0x0000000745800000, 0x0000000800000000)
  region size 2048K, 3 young (6144K), 3 survivors (6144K)
 Metaspace       used 108697K, committed 109696K, reserved 1179648K
  class space    used 12006K, committed 12480K, reserved 1048576K
}
Event: 77.820 GC heap before
{Heap before GC invocations=44 (full 0):
 garbage-first heap   total reserved 3055616K, committed 208896K, used 175561K [0x0000000745800000, 0x0000000800000000)
  region size 2048K, 60 young (122880K), 3 survivors (6144K)
 Metaspace       used 108772K, committed 109824K, reserved 1179648K
  class space    used 12007K, committed 12480K, reserved 1048576K
}
Event: 77.830 GC heap after
{Heap after GC invocations=45 (full 0):
 garbage-first heap   total reserved 3055616K, committed 208896K, used 58617K [0x0000000745800000, 0x0000000800000000)
  region size 2048K, 3 young (6144K), 3 survivors (6144K)
 Metaspace       used 108772K, committed 109824K, reserved 1179648K
  class space    used 12007K, committed 12480K, reserved 1048576K
}
Event: 85.074 GC heap before
{Heap before GC invocations=46 (full 0):
 garbage-first heap   total reserved 3055616K, committed 204800K, used 175353K [0x0000000745800000, 0x0000000800000000)
  region size 2048K, 60 young (122880K), 3 survivors (6144K)
 Metaspace       used 108830K, committed 109824K, reserved 1179648K
  class space    used 12011K, committed 12480K, reserved 1048576K
}
Event: 85.081 GC heap after
{Heap after GC invocations=47 (full 0):
 garbage-first heap   total reserved 3055616K, committed 204800K, used 58621K [0x0000000745800000, 0x0000000800000000)
  region size 2048K, 3 young (6144K), 3 survivors (6144K)
 Metaspace       used 108830K, committed 109824K, reserved 1179648K
  class space    used 12011K, committed 12480K, reserved 1048576K
}
Event: 91.098 GC heap before
{Heap before GC invocations=47 (full 0):
 garbage-first heap   total reserved 3055616K, committed 204800K, used 175357K [0x0000000745800000, 0x0000000800000000)
  region size 2048K, 60 young (122880K), 3 survivors (6144K)
 Metaspace       used 108853K, committed 109824K, reserved 1179648K
  class space    used 12011K, committed 12480K, reserved 1048576K
}
Event: 91.108 GC heap after
{Heap after GC invocations=48 (full 0):
 garbage-first heap   total reserved 3055616K, committed 204800K, used 56983K [0x0000000745800000, 0x0000000800000000)
  region size 2048K, 3 young (6144K), 3 survivors (6144K)
 Metaspace       used 108853K, committed 109824K, reserved 1179648K
  class space    used 12011K, committed 12480K, reserved 1048576K
}

