# JRE version: Java(TM) SE Runtime Environment (24.0.1+9) (build 24.0.1+9-30)
# Java VM: Java HotSpot(TM) 64-Bit Server VM (24.0.1+9-30, mixed mode, sharing, tiered, compressed oops, compressed class ptrs, g1 gc, windows-amd64)
GC Precious Log:
 CardTable entry size: 512
 Card Set container configuration: InlinePtr #cards 4 size 8 Array Of Cards #cards 16 size 48 Howl #buckets 8 coarsen threshold 3686 Howl Bitmap #cards 512 size 80 coarsen threshold 460 Card regions per heap region 1 cards per card region 4096
 CPUs: 4 total, 4 available
 Memory: 11930M
 Large Page Support: Disabled
 NUMA Support: Disabled
 Compressed Oops: Enabled (Zero based)
 Heap Region Size: 2M
 Heap Min Capacity: 8M
 Heap Initial Capacity: 188M
 Heap Max Capacity: 2984M
 Pre-touch: Disabled
 Parallel Workers: 4
 Concurrent Workers: 1
 Concurrent Refinement Workers: 4
 Periodic GC: Disabled
Heap:
 garbage-first heap   total reserved 3055616K, committed 198656K, used 121143K [0x0000000745800000, 0x0000000800000000)
  region size 2048K, 33 young (67584K), 1 survivors (2048K)
 Metaspace       used 109746K, committed 110720K, reserved 1179648K
  class space    used 12080K, committed 12544K, reserved 1048576K
GC Heap History (20 events):
Event: 86.776 GC heap before
{Heap before GC invocations=41 (full 0):
 garbage-first heap   total reserved 3055616K, committed 204800K, used 172403K [0x0000000745800000, 0x0000000800000000)
  region size 2048K, 57 young (116736K), 3 survivors (6144K)
 Metaspace       used 109286K, committed 110272K, reserved 1179648K
  class space    used 12077K, committed 12544K, reserved 1048576K
}
Event: 86.784 GC heap after
{Heap after GC invocations=42 (full 0):
 garbage-first heap   total reserved 3055616K, committed 204800K, used 61814K [0x0000000745800000, 0x0000000800000000)
  region size 2048K, 3 young (6144K), 3 survivors (6144K)
 Metaspace       used 109286K, committed 110272K, reserved 1179648K
  class space    used 12077K, committed 12544K, reserved 1048576K
}
Event: 91.255 GC heap before
{Heap before GC invocations=42 (full 0):
 garbage-first heap   total reserved 3055616K, committed 204800K, used 176502K [0x0000000745800000, 0x0000000800000000)
  region size 2048K, 59 young (120832K), 3 survivors (6144K)
 Metaspace       used 109356K, committed 110336K, reserved 1179648K
  class space    used 12077K, committed 12544K, reserved 1048576K
}
Event: 91.263 GC heap after
{Heap after GC invocations=43 (full 0):
 garbage-first heap   total reserved 3055616K, committed 204800K, used 61617K [0x0000000745800000, 0x0000000800000000)
  region size 2048K, 3 young (6144K), 3 survivors (6144K)
 Metaspace       used 109356K, committed 110336K, reserved 1179648K
  class space    used 12077K, committed 12544K, reserved 1048576K
}
Event: 96.525 GC heap before
{Heap before GC invocations=43 (full 0):
 garbage-first heap   total reserved 3055616K, committed 204800K, used 176305K [0x0000000745800000, 0x0000000800000000)
  region size 2048K, 60 young (122880K), 3 survivors (6144K)
 Metaspace       used 109428K, committed 110400K, reserved 1179648K
  class space    used 12078K, committed 12544K, reserved 1048576K
}
Event: 96.532 GC heap after
{Heap after GC invocations=44 (full 0):
 garbage-first heap   total reserved 3055616K, committed 204800K, used 62008K [0x0000000745800000, 0x0000000800000000)
  region size 2048K, 3 young (6144K), 3 survivors (6144K)
 Metaspace       used 109428K, committed 110400K, reserved 1179648K
  class space    used 12078K, committed 12544K, reserved 1048576K
}
Event: 100.818 GC heap before
{Heap before GC invocations=45 (full 0):
 garbage-first heap   total reserved 3055616K, committed 204800K, used 178744K [0x0000000745800000, 0x0000000800000000)
  region size 2048K, 60 young (122880K), 3 survivors (6144K)
 Metaspace       used 109511K, committed 110528K, reserved 1179648K
  class space    used 12078K, committed 12544K, reserved 1048576K
}
Event: 100.824 GC heap after
{Heap after GC invocations=46 (full 0):
 garbage-first heap   total reserved 3055616K, committed 204800K, used 61614K [0x0000000745800000, 0x0000000800000000)
  region size 2048K, 3 young (6144K), 3 survivors (6144K)
 Metaspace       used 109511K, committed 110528K, reserved 1179648K
  class space    used 12078K, committed 12544K, reserved 1048576K
}
Event: 104.894 GC heap before
{Heap before GC invocations=46 (full 0):
 garbage-first heap   total reserved 3055616K, committed 204800K, used 178350K [0x0000000745800000, 0x0000000800000000)
  region size 2048K, 60 young (122880K), 3 survivors (6144K)
 Metaspace       used 109579K, committed 110592K, reserved 1179648K
  class space    used 12078K, committed 12544K, reserved 1048576K
}
Event: 104.901 GC heap after
{Heap after GC invocations=47 (full 0):
 garbage-first heap   total reserved 3055616K, committed 204800K, used 59076K [0x0000000745800000, 0x0000000800000000)
  region size 2048K, 3 young (6144K), 3 survivors (6144K)
 Metaspace       used 109579K, committed 110592K, reserved 1179648K
  class space    used 12078K, committed 12544K, reserved 1048576K
}
Event: 109.220 GC heap before
{Heap before GC invocations=47 (full 0):
 garbage-first heap   total reserved 3055616K, committed 204800K, used 173764K [0x0000000745800000, 0x0000000800000000)
  region size 2048K, 60 young (122880K), 3 survivors (6144K)
 Metaspace       used 109609K, committed 110592K, reserved 1179648K
  class space    used 12078K, committed 12544K, reserved 1048576K
}
Event: 109.225 GC heap after
{Heap after GC invocations=48 (full 0):
 garbage-first heap   total reserved 3055616K, committed 204800K, used 58489K [0x0000000745800000, 0x0000000800000000)
  region size 2048K, 2 young (4096K), 2 survivors (4096K)
 Metaspace       used 109609K, committed 110592K, reserved 1179648K
  class space    used 12078K, committed 12544K, reserved 1048576K
}
Event: 113.646 GC heap before
{Heap before GC invocations=49 (full 0):
 garbage-first heap   total reserved 3055616K, committed 198656K, used 171129K [0x0000000745800000, 0x0000000800000000)
  region size 2048K, 58 young (118784K), 2 survivors (4096K)
 Metaspace       used 109631K, committed 110592K, reserved 1179648K
  class space    used 12079K, committed 12544K, reserved 1048576K
}
Event: 113.652 GC heap after
{Heap after GC invocations=50 (full 0):
 garbage-first heap   total reserved 3055616K, committed 198656K, used 59276K [0x0000000745800000, 0x0000000800000000)
  region size 2048K, 3 young (6144K), 3 survivors (6144K)
 Metaspace       used 109631K, committed 110592K, reserved 1179648K
  class space    used 12079K, committed 12544K, reserved 1048576K
}
Event: 119.867 GC heap before
{Heap before GC invocations=50 (full 0):
 garbage-first heap   total reserved 3055616K, committed 198656K, used 169868K [0x0000000745800000, 0x0000000800000000)
  region size 2048K, 58 young (118784K), 3 survivors (6144K)
 Metaspace       used 109644K, committed 110656K, reserved 1179648K
  class space    used 12079K, committed 12544K, reserved 1048576K
}
Event: 119.881 GC heap after
{Heap after GC invocations=51 (full 0):
 garbage-first heap   total reserved 3055616K, committed 198656K, used 57572K [0x0000000745800000, 0x0000000800000000)
  region size 2048K, 3 young (6144K), 3 survivors (6144K)
 Metaspace       used 109644K, committed 110656K, reserved 1179648K
  class space    used 12079K, committed 12544K, reserved 1048576K
}
Event: 124.473 GC heap before
{Heap before GC invocations=51 (full 0):
 garbage-first heap   total reserved 3055616K, committed 198656K, used 170212K [0x0000000745800000, 0x0000000800000000)
  region size 2048K, 58 young (118784K), 3 survivors (6144K)
 Metaspace       used 109671K, committed 110656K, reserved 1179648K
  class space    used 12079K, committed 12544K, reserved 1048576K
}
Event: 124.481 GC heap after
{Heap after GC invocations=52 (full 0):
 garbage-first heap   total reserved 3055616K, committed 198656K, used 57773K [0x0000000745800000, 0x0000000800000000)
  region size 2048K, 3 young (6144K), 3 survivors (6144K)
 Metaspace       used 109671K, committed 110656K, reserved 1179648K
  class space    used 12079K, committed 12544K, reserved 1048576K
}
Event: 130.033 GC heap before
{Heap before GC invocations=53 (full 0):
 garbage-first heap   total reserved 3055616K, committed 198656K, used 170413K [0x0000000745800000, 0x0000000800000000)
  region size 2048K, 58 young (118784K), 3 survivors (6144K)
 Metaspace       used 109737K, committed 110720K, reserved 1179648K
  class space    used 12080K, committed 12544K, reserved 1048576K
}
Event: 130.039 GC heap after
{Heap after GC invocations=54 (full 0):
 garbage-first heap   total reserved 3055616K, committed 198656K, used 57655K [0x0000000745800000, 0x0000000800000000)
  region size 2048K, 1 young (2048K), 1 survivors (2048K)
 Metaspace       used 109737K, committed 110720K, reserved 1179648K
  class space    used 12080K, committed 12544K, reserved 1048576K
}

