# JRE version: Java(TM) SE Runtime Environment (24.0.1+9) (build 24.0.1+9-30)
# Java VM: Java HotSpot(TM) 64-Bit Server VM (24.0.1+9-30, mixed mode, sharing, tiered, compressed oops, compressed class ptrs, g1 gc, windows-amd64)
GC Precious Log:
 CardTable entry size: 512
 Card Set container configuration: InlinePtr #cards 4 size 8 Array Of Cards #cards 16 size 48 Howl #buckets 8 coarsen threshold 3686 Howl Bitmap #cards 512 size 80 coarsen threshold 460 Card regions per heap region 1 cards per card region 4096
 CPUs: 4 total, 4 available
 Memory: 11930M
 Large Page Support: Disabled
 NUMA Support: Disabled
 Compressed Oops: Enabled (Zero based)
 Heap Region Size: 2M
 Heap Min Capacity: 8M
 Heap Initial Capacity: 188M
 Heap Max Capacity: 2984M
 Pre-touch: Disabled
 Parallel Workers: 4
 Concurrent Workers: 1
 Concurrent Refinement Workers: 4
 Periodic GC: Disabled
Heap:
 garbage-first heap   total reserved 3055616K, committed 206848K, used 120130K [0x0000000745800000, 0x0000000800000000)
  region size 2048K, 26 young (53248K), 4 survivors (8192K)
 Metaspace       used 105827K, committed 106752K, reserved 1179648K
  class space    used 11819K, committed 12224K, reserved 1048576K
GC Heap History (20 events):
Event: 16.390 GC heap before
{Heap before GC invocations=24 (full 0):
 garbage-first heap   total reserved 3055616K, committed 71680K, used 58112K [0x0000000745800000, 0x0000000800000000)
  region size 2048K, 10 young (20480K), 2 survivors (4096K)
 Metaspace       used 84897K, committed 85568K, reserved 1179648K
  class space    used 9439K, committed 9728K, reserved 1048576K
}
Event: 16.396 GC heap after
{Heap after GC invocations=25 (full 0):
 garbage-first heap   total reserved 3055616K, committed 86016K, used 44733K [0x0000000745800000, 0x0000000800000000)
  region size 2048K, 2 young (4096K), 2 survivors (4096K)
 Metaspace       used 84897K, committed 85568K, reserved 1179648K
  class space    used 9439K, committed 9728K, reserved 1048576K
}
Event: 17.005 GC heap before
{Heap before GC invocations=26 (full 0):
 garbage-first heap   total reserved 3055616K, committed 86016K, used 71357K [0x0000000745800000, 0x0000000800000000)
  region size 2048K, 16 young (32768K), 2 survivors (4096K)
 Metaspace       used 87932K, committed 88576K, reserved 1179648K
  class space    used 9867K, committed 10112K, reserved 1048576K
}
Event: 17.013 GC heap after
{Heap after GC invocations=27 (full 0):
 garbage-first heap   total reserved 3055616K, committed 86016K, used 48849K [0x0000000745800000, 0x0000000800000000)
  region size 2048K, 2 young (4096K), 2 survivors (4096K)
 Metaspace       used 87932K, committed 88576K, reserved 1179648K
  class space    used 9867K, committed 10112K, reserved 1048576K
}
Event: 17.116 GC heap before
{Heap before GC invocations=27 (full 0):
 garbage-first heap   total reserved 3055616K, committed 86016K, used 75473K [0x0000000745800000, 0x0000000800000000)
  region size 2048K, 15 young (30720K), 2 survivors (4096K)
 Metaspace       used 87961K, committed 88576K, reserved 1179648K
  class space    used 9867K, committed 10112K, reserved 1048576K
}
Event: 17.132 GC heap after
{Heap after GC invocations=28 (full 0):
 garbage-first heap   total reserved 3055616K, committed 88064K, used 54274K [0x0000000745800000, 0x0000000800000000)
  region size 2048K, 2 young (4096K), 2 survivors (4096K)
 Metaspace       used 87961K, committed 88576K, reserved 1179648K
  class space    used 9867K, committed 10112K, reserved 1048576K
}
Event: 17.202 GC heap before
{Heap before GC invocations=28 (full 0):
 garbage-first heap   total reserved 3055616K, committed 88064K, used 76802K [0x0000000745800000, 0x0000000800000000)
  region size 2048K, 13 young (26624K), 2 survivors (4096K)
 Metaspace       used 87962K, committed 88576K, reserved 1179648K
  class space    used 9867K, committed 10112K, reserved 1048576K
}
Event: 17.212 GC heap after
{Heap after GC invocations=29 (full 0):
 garbage-first heap   total reserved 3055616K, committed 88064K, used 59279K [0x0000000745800000, 0x0000000800000000)
  region size 2048K, 2 young (4096K), 2 survivors (4096K)
 Metaspace       used 87962K, committed 88576K, reserved 1179648K
  class space    used 9867K, committed 10112K, reserved 1048576K
}
Event: 17.287 GC heap before
{Heap before GC invocations=29 (full 0):
 garbage-first heap   total reserved 3055616K, committed 88064K, used 77711K [0x0000000745800000, 0x0000000800000000)
  region size 2048K, 11 young (22528K), 2 survivors (4096K)
 Metaspace       used 87984K, committed 88576K, reserved 1179648K
  class space    used 9869K, committed 10112K, reserved 1048576K
}
Event: 17.294 GC heap after
{Heap after GC invocations=30 (full 0):
 garbage-first heap   total reserved 3055616K, committed 88064K, used 60830K [0x0000000745800000, 0x0000000800000000)
  region size 2048K, 1 young (2048K), 1 survivors (2048K)
 Metaspace       used 87984K, committed 88576K, reserved 1179648K
  class space    used 9869K, committed 10112K, reserved 1048576K
}
Event: 17.420 GC heap before
{Heap before GC invocations=31 (full 0):
 garbage-first heap   total reserved 3055616K, committed 106496K, used 75166K [0x0000000745800000, 0x0000000800000000)
  region size 2048K, 8 young (16384K), 1 survivors (2048K)
 Metaspace       used 88024K, committed 88704K, reserved 1179648K
  class space    used 9884K, committed 10176K, reserved 1048576K
}
Event: 17.424 GC heap after
{Heap after GC invocations=32 (full 0):
 garbage-first heap   total reserved 3055616K, committed 106496K, used 61160K [0x0000000745800000, 0x0000000800000000)
  region size 2048K, 1 young (2048K), 1 survivors (2048K)
 Metaspace       used 88024K, committed 88704K, reserved 1179648K
  class space    used 9884K, committed 10176K, reserved 1048576K
}
Event: 17.509 GC heap before
{Heap before GC invocations=32 (full 0):
 garbage-first heap   total reserved 3055616K, committed 106496K, used 91880K [0x0000000745800000, 0x0000000800000000)
  region size 2048K, 16 young (32768K), 1 survivors (2048K)
 Metaspace       used 88024K, committed 88704K, reserved 1179648K
  class space    used 9884K, committed 10176K, reserved 1048576K
}
Event: 17.515 GC heap after
{Heap after GC invocations=33 (full 0):
 garbage-first heap   total reserved 3055616K, committed 206848K, used 63190K [0x0000000745800000, 0x0000000800000000)
  region size 2048K, 2 young (4096K), 2 survivors (4096K)
 Metaspace       used 88024K, committed 88704K, reserved 1179648K
  class space    used 9884K, committed 10176K, reserved 1048576K
}
Event: 18.142 GC heap before
{Heap before GC invocations=33 (full 0):
 garbage-first heap   total reserved 3055616K, committed 206848K, used 163542K [0x0000000745800000, 0x0000000800000000)
  region size 2048K, 51 young (104448K), 2 survivors (4096K)
 Metaspace       used 88837K, committed 89472K, reserved 1179648K
  class space    used 9956K, committed 10240K, reserved 1048576K
}
Event: 18.157 GC heap after
{Heap after GC invocations=34 (full 0):
 garbage-first heap   total reserved 3055616K, committed 206848K, used 69321K [0x0000000745800000, 0x0000000800000000)
  region size 2048K, 5 young (10240K), 5 survivors (10240K)
 Metaspace       used 88837K, committed 89472K, reserved 1179648K
  class space    used 9956K, committed 10240K, reserved 1048576K
}
Event: 20.487 GC heap before
{Heap before GC invocations=34 (full 0):
 garbage-first heap   total reserved 3055616K, committed 206848K, used 155337K [0x0000000745800000, 0x0000000800000000)
  region size 2048K, 47 young (96256K), 5 survivors (10240K)
 Metaspace       used 99032K, committed 99840K, reserved 1179648K
  class space    used 11316K, committed 11648K, reserved 1048576K
}
Event: 20.506 GC heap after
{Heap after GC invocations=35 (full 0):
 garbage-first heap   total reserved 3055616K, committed 206848K, used 74762K [0x0000000745800000, 0x0000000800000000)
  region size 2048K, 6 young (12288K), 6 survivors (12288K)
 Metaspace       used 99032K, committed 99840K, reserved 1179648K
  class space    used 11316K, committed 11648K, reserved 1048576K
}
Event: 23.864 GC heap before
{Heap before GC invocations=35 (full 0):
 garbage-first heap   total reserved 3055616K, committed 206848K, used 164874K [0x0000000745800000, 0x0000000800000000)
  region size 2048K, 50 young (102400K), 6 survivors (12288K)
 Metaspace       used 105216K, committed 106048K, reserved 1179648K
  class space    used 11809K, committed 12160K, reserved 1048576K
}
Event: 23.879 GC heap after
{Heap after GC invocations=36 (full 0):
 garbage-first heap   total reserved 3055616K, committed 206848K, used 77122K [0x0000000745800000, 0x0000000800000000)
  region size 2048K, 4 young (8192K), 4 survivors (8192K)
 Metaspace       used 105216K, committed 106048K, reserved 1179648K
  class space    used 11809K, committed 12160K, reserved 1048576K
}

