# JRE version: Java(TM) SE Runtime Environment (24.0.1+9) (build 24.0.1+9-30)
# Java VM: Java HotSpot(TM) 64-Bit Server VM (24.0.1+9-30, mixed mode, sharing, tiered, compressed oops, compressed class ptrs, g1 gc, windows-amd64)
GC Precious Log:
 CardTable entry size: 512
 Card Set container configuration: InlinePtr #cards 4 size 8 Array Of Cards #cards 16 size 48 Howl #buckets 8 coarsen threshold 3686 Howl Bitmap #cards 512 size 80 coarsen threshold 460 Card regions per heap region 1 cards per card region 4096
 CPUs: 4 total, 4 available
 Memory: 11930M
 Large Page Support: Disabled
 NUMA Support: Disabled
 Compressed Oops: Enabled (Zero based)
 Heap Region Size: 2M
 Heap Min Capacity: 8M
 Heap Initial Capacity: 188M
 Heap Max Capacity: 2984M
 Pre-touch: Disabled
 Parallel Workers: 4
 Concurrent Workers: 1
 Concurrent Refinement Workers: 4
 Periodic GC: Disabled
Heap:
 garbage-first heap   total reserved 3055616K, committed 178176K, used 70824K [0x0000000745800000, 0x0000000800000000)
  region size 2048K, 12 young (24576K), 1 survivors (2048K)
 Metaspace       used 110666K, committed 111616K, reserved 1179648K
  class space    used 12079K, committed 12608K, reserved 1048576K
GC Heap History (20 events):
Event: 57782.161 GC heap before
{Heap before GC invocations=124 (full 0):
 garbage-first heap   total reserved 3055616K, committed 178176K, used 154780K [0x0000000745800000, 0x0000000800000000)
  region size 2048K, 52 young (106496K), 1 survivors (2048K)
 Metaspace       used 110428K, committed 111360K, reserved 1179648K
  class space    used 12077K, committed 12608K, reserved 1048576K
}
Event: 57782.169 GC heap after
{Heap after GC invocations=125 (full 0):
 garbage-first heap   total reserved 3055616K, committed 178176K, used 50456K [0x0000000745800000, 0x0000000800000000)
  region size 2048K, 1 young (2048K), 1 survivors (2048K)
 Metaspace       used 110428K, committed 111360K, reserved 1179648K
  class space    used 12077K, committed 12608K, reserved 1048576K
}
Event: 57959.609 GC heap before
{Heap before GC invocations=125 (full 0):
 garbage-first heap   total reserved 3055616K, committed 178176K, used 154904K [0x0000000745800000, 0x0000000800000000)
  region size 2048K, 52 young (106496K), 1 survivors (2048K)
 Metaspace       used 110449K, committed 111424K, reserved 1179648K
  class space    used 12077K, committed 12608K, reserved 1048576K
}
Event: 57959.616 GC heap after
{Heap after GC invocations=126 (full 0):
 garbage-first heap   total reserved 3055616K, committed 178176K, used 50193K [0x0000000745800000, 0x0000000800000000)
  region size 2048K, 1 young (2048K), 1 survivors (2048K)
 Metaspace       used 110449K, committed 111424K, reserved 1179648K
  class space    used 12077K, committed 12608K, reserved 1048576K
}
Event: 57963.914 GC heap before
{Heap before GC invocations=126 (full 0):
 garbage-first heap   total reserved 3055616K, committed 178176K, used 154641K [0x0000000745800000, 0x0000000800000000)
  region size 2048K, 52 young (106496K), 1 survivors (2048K)
 Metaspace       used 110465K, committed 111424K, reserved 1179648K
  class space    used 12077K, committed 12608K, reserved 1048576K
}
Event: 57963.916 GC heap after
{Heap after GC invocations=127 (full 0):
 garbage-first heap   total reserved 3055616K, committed 178176K, used 50383K [0x0000000745800000, 0x0000000800000000)
  region size 2048K, 1 young (2048K), 1 survivors (2048K)
 Metaspace       used 110465K, committed 111424K, reserved 1179648K
  class space    used 12077K, committed 12608K, reserved 1048576K
}
Event: 57967.715 GC heap before
{Heap before GC invocations=128 (full 0):
 garbage-first heap   total reserved 3055616K, committed 178176K, used 152783K [0x0000000745800000, 0x0000000800000000)
  region size 2048K, 52 young (106496K), 1 survivors (2048K)
 Metaspace       used 110475K, committed 111424K, reserved 1179648K
  class space    used 12077K, committed 12608K, reserved 1048576K
}
Event: 57967.722 GC heap after
{Heap after GC invocations=129 (full 0):
 garbage-first heap   total reserved 3055616K, committed 178176K, used 50417K [0x0000000745800000, 0x0000000800000000)
  region size 2048K, 1 young (2048K), 1 survivors (2048K)
 Metaspace       used 110475K, committed 111424K, reserved 1179648K
  class space    used 12077K, committed 12608K, reserved 1048576K
}
Event: 57986.297 GC heap before
{Heap before GC invocations=129 (full 0):
 garbage-first heap   total reserved 3055616K, committed 178176K, used 152817K [0x0000000745800000, 0x0000000800000000)
  region size 2048K, 52 young (106496K), 1 survivors (2048K)
 Metaspace       used 110482K, committed 111424K, reserved 1179648K
  class space    used 12078K, committed 12608K, reserved 1048576K
}
Event: 57986.304 GC heap after
{Heap after GC invocations=130 (full 0):
 garbage-first heap   total reserved 3055616K, committed 178176K, used 50333K [0x0000000745800000, 0x0000000800000000)
  region size 2048K, 1 young (2048K), 1 survivors (2048K)
 Metaspace       used 110482K, committed 111424K, reserved 1179648K
  class space    used 12078K, committed 12608K, reserved 1048576K
}
Event: 57989.569 GC heap before
{Heap before GC invocations=130 (full 0):
 garbage-first heap   total reserved 3055616K, committed 178176K, used 154781K [0x0000000745800000, 0x0000000800000000)
  region size 2048K, 52 young (106496K), 1 survivors (2048K)
 Metaspace       used 110580K, committed 111552K, reserved 1179648K
  class space    used 12078K, committed 12608K, reserved 1048576K
}
Event: 57989.572 GC heap after
{Heap after GC invocations=131 (full 0):
 garbage-first heap   total reserved 3055616K, committed 178176K, used 50467K [0x0000000745800000, 0x0000000800000000)
  region size 2048K, 1 young (2048K), 1 survivors (2048K)
 Metaspace       used 110580K, committed 111552K, reserved 1179648K
  class space    used 12078K, committed 12608K, reserved 1048576K
}
Event: 57992.220 GC heap before
{Heap before GC invocations=132 (full 0):
 garbage-first heap   total reserved 3055616K, committed 178176K, used 152867K [0x0000000745800000, 0x0000000800000000)
  region size 2048K, 52 young (106496K), 1 survivors (2048K)
 Metaspace       used 110645K, committed 111552K, reserved 1179648K
  class space    used 12079K, committed 12608K, reserved 1048576K
}
Event: 57992.222 GC heap after
{Heap after GC invocations=133 (full 0):
 garbage-first heap   total reserved 3055616K, committed 178176K, used 50425K [0x0000000745800000, 0x0000000800000000)
  region size 2048K, 1 young (2048K), 1 survivors (2048K)
 Metaspace       used 110645K, committed 111552K, reserved 1179648K
  class space    used 12079K, committed 12608K, reserved 1048576K
}
Event: 57993.601 GC heap before
{Heap before GC invocations=133 (full 0):
 garbage-first heap   total reserved 3055616K, committed 178176K, used 154873K [0x0000000745800000, 0x0000000800000000)
  region size 2048K, 52 young (106496K), 1 survivors (2048K)
 Metaspace       used 110650K, committed 111616K, reserved 1179648K
  class space    used 12079K, committed 12608K, reserved 1048576K
}
Event: 57993.606 GC heap after
{Heap after GC invocations=134 (full 0):
 garbage-first heap   total reserved 3055616K, committed 178176K, used 50243K [0x0000000745800000, 0x0000000800000000)
  region size 2048K, 1 young (2048K), 1 survivors (2048K)
 Metaspace       used 110650K, committed 111616K, reserved 1179648K
  class space    used 12079K, committed 12608K, reserved 1048576K
}
Event: 57997.143 GC heap before
{Heap before GC invocations=134 (full 0):
 garbage-first heap   total reserved 3055616K, committed 178176K, used 154691K [0x0000000745800000, 0x0000000800000000)
  region size 2048K, 52 young (106496K), 1 survivors (2048K)
 Metaspace       used 110656K, committed 111616K, reserved 1179648K
  class space    used 12079K, committed 12608K, reserved 1048576K
}
Event: 57997.147 GC heap after
{Heap after GC invocations=135 (full 0):
 garbage-first heap   total reserved 3055616K, committed 178176K, used 50341K [0x0000000745800000, 0x0000000800000000)
  region size 2048K, 1 young (2048K), 1 survivors (2048K)
 Metaspace       used 110656K, committed 111616K, reserved 1179648K
  class space    used 12079K, committed 12608K, reserved 1048576K
}
Event: 58001.486 GC heap before
{Heap before GC invocations=136 (full 0):
 garbage-first heap   total reserved 3055616K, committed 178176K, used 154789K [0x0000000745800000, 0x0000000800000000)
  region size 2048K, 52 young (106496K), 1 survivors (2048K)
 Metaspace       used 110666K, committed 111616K, reserved 1179648K
  class space    used 12079K, committed 12608K, reserved 1048576K
}
Event: 58001.489 GC heap after
{Heap after GC invocations=137 (full 0):
 garbage-first heap   total reserved 3055616K, committed 178176K, used 50344K [0x0000000745800000, 0x0000000800000000)
  region size 2048K, 1 young (2048K), 1 survivors (2048K)
 Metaspace       used 110666K, committed 111616K, reserved 1179648K
  class space    used 12079K, committed 12608K, reserved 1048576K
}

